2024-03-04 12:19:03.573 ERROR 17744 --- [http-nio-8080-exec-3] org.sboot.controller.LogController       : error...
2024-03-04 12:19:03.575 DEBUG 17744 --- [http-nio-8080-exec-3] org.sboot.service.impl.LogServiceImpl    : service debug...
2024-03-04 12:19:03.575  INFO 17744 --- [http-nio-8080-exec-3] org.sboot.service.impl.LogServiceImpl    : service info...
2024-03-04 12:19:03.575  WARN 17744 --- [http-nio-8080-exec-3] org.sboot.service.impl.LogServiceImpl    : service warn...
2024-03-04 12:19:03.575 ERROR 17744 --- [http-nio-8080-exec-3] org.sboot.service.impl.LogServiceImpl    : service error...
2024-03-04 12:19:05.853 DEBUG 17744 --- [http-nio-8080-exec-4] org.sboot.controller.LogController       : debug...
2024-03-04 12:19:05.853  INFO 17744 --- [http-nio-8080-exec-4] org.sboot.controller.LogController       : info...
2024-03-04 12:19:05.862  WARN 17744 --- [http-nio-8080-exec-4] org.sboot.controller.LogController       : warn...
2024-03-04 12:19:05.862 ERROR 17744 --- [http-nio-8080-exec-4] org.sboot.controller.LogController       : error...
2024-03-04 12:19:05.862 DEBUG 17744 --- [http-nio-8080-exec-4] org.sboot.service.impl.LogServiceImpl    : service debug...
2024-03-04 12:19:05.862  INFO 17744 --- [http-nio-8080-exec-4] org.sboot.service.impl.LogServiceImpl    : service info...
2024-03-04 12:19:05.862  WARN 17744 --- [http-nio-8080-exec-4] org.sboot.service.impl.LogServiceImpl    : service warn...
2024-03-04 12:19:05.862 ERROR 17744 --- [http-nio-8080-exec-4] org.sboot.service.impl.LogServiceImpl    : service error...
2024-03-04 12:19:07.243 DEBUG 17744 --- [http-nio-8080-exec-5] org.sboot.controller.LogController       : debug...
2024-03-04 12:19:07.244  INFO 17744 --- [http-nio-8080-exec-5] org.sboot.controller.LogController       : info...
2024-03-04 12:19:07.244  WARN 17744 --- [http-nio-8080-exec-5] org.sboot.controller.LogController       : warn...
2024-03-04 12:19:07.244 ERROR 17744 --- [http-nio-8080-exec-5] org.sboot.controller.LogController       : error...
2024-03-04 12:19:07.244 DEBUG 17744 --- [http-nio-8080-exec-5] org.sboot.service.impl.LogServiceImpl    : service debug...
2024-03-04 12:19:07.244  INFO 17744 --- [http-nio-8080-exec-5] org.sboot.service.impl.LogServiceImpl    : service info...
2024-03-04 12:19:07.244  WARN 17744 --- [http-nio-8080-exec-5] org.sboot.service.impl.LogServiceImpl    : service warn...
2024-03-04 12:19:07.244 ERROR 17744 --- [http-nio-8080-exec-5] org.sboot.service.impl.LogServiceImpl    : service error...
