2024-03-04 12:18:41.065  INFO 17744 --- [main] org.sboot.LogApp                         : Starting LogApp using Java 1.8.0_351 on DESKTOP-KAK7RGD with PID 17744 (D:\ProjectsRepo\springboot-code\springboot-code\sboot-log\target\classes started by qlk in D:\ProjectsRepo\springboot-code\springboot-code)
2024-03-04 12:18:41.067  INFO 17744 --- [main] org.sboot.LogApp                         : No active profile set, falling back to 1 default profile: "default"
2024-03-04 12:18:41.514  INFO 17744 --- [main] o.s.b.w.embedded.tomcat.TomcatWebServer  : Tomcat initialized with port(s): 8080 (http)
2024-03-04 12:18:41.519  INFO 17744 --- [main] o.apache.catalina.core.StandardService   : Starting service [Tomcat]
2024-03-04 12:18:41.520  INFO 17744 --- [main] org.apache.catalina.core.StandardEngine  : Starting Servlet engine: [Apache Tomcat/9.0.64]
2024-03-04 12:18:41.613  INFO 17744 --- [main] o.a.c.c.C.[Tomcat].[localhost].[/]       : Initializing Spring embedded WebApplicationContext
2024-03-04 12:18:41.614  INFO 17744 --- [main] w.s.c.ServletWebServerApplicationContext : Root WebApplicationContext: initialization completed in 526 ms
2024-03-04 12:18:41.794  INFO 17744 --- [main] o.s.b.w.embedded.tomcat.TomcatWebServer  : Tomcat started on port(s): 8080 (http) with context path ''
2024-03-04 12:18:41.800  INFO 17744 --- [main] org.sboot.LogApp                         : Started LogApp in 0.969 seconds (JVM running for 1.657)
2024-03-04 12:18:59.729  INFO 17744 --- [http-nio-8080-exec-1] o.a.c.c.C.[Tomcat].[localhost].[/]       : Initializing Spring DispatcherServlet 'dispatcherServlet'
2024-03-04 12:18:59.729  INFO 17744 --- [http-nio-8080-exec-1] o.s.web.servlet.DispatcherServlet        : Initializing Servlet 'dispatcherServlet'
2024-03-04 12:18:59.730  INFO 17744 --- [http-nio-8080-exec-1] o.s.web.servlet.DispatcherServlet        : Completed initialization in 1 ms
2024-03-04 12:18:59.743 DEBUG 17744 --- [http-nio-8080-exec-1] org.sboot.controller.LogController       : debug...
2024-03-04 12:18:59.743  INFO 17744 --- [http-nio-8080-exec-1] org.sboot.controller.LogController       : info...
2024-03-04 12:18:59.743  WARN 17744 --- [http-nio-8080-exec-1] org.sboot.controller.LogController       : warn...
2024-03-04 12:18:59.743 ERROR 17744 --- [http-nio-8080-exec-1] org.sboot.controller.LogController       : error...
2024-03-04 12:18:59.743 DEBUG 17744 --- [http-nio-8080-exec-1] org.sboot.service.impl.LogServiceImpl    : service debug...
2024-03-04 12:18:59.743  INFO 17744 --- [http-nio-8080-exec-1] org.sboot.service.impl.LogServiceImpl    : service info...
2024-03-04 12:18:59.743  WARN 17744 --- [http-nio-8080-exec-1] org.sboot.service.impl.LogServiceImpl    : service warn...
2024-03-04 12:18:59.743 ERROR 17744 --- [http-nio-8080-exec-1] org.sboot.service.impl.LogServiceImpl    : service error...
2024-03-04 12:19:01.622 DEBUG 17744 --- [http-nio-8080-exec-2] org.sboot.controller.LogController       : debug...
2024-03-04 12:19:01.622  INFO 17744 --- [http-nio-8080-exec-2] org.sboot.controller.LogController       : info...
2024-03-04 12:19:01.622  WARN 17744 --- [http-nio-8080-exec-2] org.sboot.controller.LogController       : warn...
2024-03-04 12:19:01.622 ERROR 17744 --- [http-nio-8080-exec-2] org.sboot.controller.LogController       : error...
2024-03-04 12:19:01.622 DEBUG 17744 --- [http-nio-8080-exec-2] org.sboot.service.impl.LogServiceImpl    : service debug...
2024-03-04 12:19:01.622  INFO 17744 --- [http-nio-8080-exec-2] org.sboot.service.impl.LogServiceImpl    : service info...
2024-03-04 12:19:01.622  WARN 17744 --- [http-nio-8080-exec-2] org.sboot.service.impl.LogServiceImpl    : service warn...
2024-03-04 12:19:01.622 ERROR 17744 --- [http-nio-8080-exec-2] org.sboot.service.impl.LogServiceImpl    : service error...
2024-03-04 12:19:03.572 DEBUG 17744 --- [http-nio-8080-exec-3] org.sboot.controller.LogController       : debug...
2024-03-04 12:19:03.573  INFO 17744 --- [http-nio-8080-exec-3] org.sboot.controller.LogController       : info...
2024-03-04 12:19:03.573  WARN 17744 --- [http-nio-8080-exec-3] org.sboot.controller.LogController       : warn...
